c:\users\soac\source\repos\project-b\debug\project b.bsc
c:\users\soac\source\repos\project-b\project b\debug\vc120.pdb
c:\users\soac\source\repos\project-b\project b\debug\vc120.idb
c:\users\soac\source\repos\project-b\project b\debug\source.sbr
c:\users\soac\source\repos\project-b\project b\debug\login_ui.sbr
c:\users\soac\source\repos\project-b\project b\debug\graphics.sbr
c:\users\soac\source\repos\project-b\project b\debug\bank.sbr
c:\users\soac\source\repos\project-b\project b\debug\atm_ui.sbr
c:\users\soac\source\repos\project-b\project b\debug\atm_ui.obj
c:\users\soac\source\repos\project-b\project b\debug\bank.obj
c:\users\soac\source\repos\project-b\project b\debug\graphics.obj
c:\users\soac\source\repos\project-b\project b\debug\login_ui.obj
c:\users\soac\source\repos\project-b\project b\debug\source.obj
c:\users\soac\source\repos\project-b\debug\project b.ilk
c:\users\soac\source\repos\project-b\debug\project b.exe
c:\users\soac\source\repos\project-b\debug\project b.pdb
c:\users\soac\source\repos\project-b\project b\debug\project b.tlog\bscmake.command.1.tlog
c:\users\soac\source\repos\project-b\project b\debug\project b.tlog\bscmake.read.1.tlog
c:\users\soac\source\repos\project-b\project b\debug\project b.tlog\bscmake.write.1.tlog
c:\users\soac\source\repos\project-b\project b\debug\project b.tlog\cl.command.1.tlog
c:\users\soac\source\repos\project-b\project b\debug\project b.tlog\cl.read.1.tlog
c:\users\soac\source\repos\project-b\project b\debug\project b.tlog\cl.write.1.tlog
c:\users\soac\source\repos\project-b\project b\debug\project b.tlog\link.command.1.tlog
c:\users\soac\source\repos\project-b\project b\debug\project b.tlog\link.read.1.tlog
c:\users\soac\source\repos\project-b\project b\debug\project b.tlog\link.write.1.tlog
